<?xml version="1.0" encoding="UTF-8"?>
<testsuite name="DSV_Assortment"
           tests="26"
           failures="1"
           errors="0"
           skipped="25"
           time="0.006">
  <properties />
            <testcase name="beforeClass" time="0.000" classname="com.heb.enterprise.automationtest.costreview.CostReviewTest">
                <failure type="java.lang.Error"
                  message="Unresolved compilation problem: 
	The method apply(WebDriver) of type new Predicate&lt;WebDriver&gt;(){} must override a superclass method
"
              >
<![CDATA[java.lang.Error: Unresolved compilation problem: 
	The method apply(WebDriver) of type new Predicate<WebDriver>(){} must override a superclass method

  com.heb.enterprise.automationtest.costreview.CostReviewTest$2.apply(CostReviewTest.java:266)
  com.heb.enterprise.automationtest.costreview.CostReviewTest$2.apply(CostReviewTest.java:1)
  org.openqa.selenium.support.ui.FluentWait$3.apply(FluentWait.java:207)
  org.openqa.selenium.support.ui.FluentWait$3.apply(FluentWait.java:205)
  org.openqa.selenium.support.ui.FluentWait.until(FluentWait.java:238)
  org.openqa.selenium.support.ui.FluentWait.until(FluentWait.java:205)
  com.heb.enterprise.automationtest.costreview.CostReviewTest.waitForPageLoad(CostReviewTest.java:264)
  com.heb.enterprise.automationtest.costreview.CostReviewTest.beforeClass(CostReviewTest.java:37)
  sun.reflect.NativeMethodAccessorImpl.invoke0(Native Method)
  sun.reflect.NativeMethodAccessorImpl.invoke(NativeMethodAccessorImpl.java:62)
  sun.reflect.DelegatingMethodAccessorImpl.invoke(DelegatingMethodAccessorImpl.java:43)
  java.lang.reflect.Method.invoke(Method.java:497)
  org.testng.internal.MethodInvocationHelper.invokeMethod(MethodInvocationHelper.java:85)
  org.testng.internal.Invoker.invokeConfigurationMethod(Invoker.java:552)
  org.testng.internal.Invoker.invokeConfigurations(Invoker.java:215)
  org.testng.internal.Invoker.invokeConfigurations(Invoker.java:140)
  org.testng.internal.TestMethodWorker.invokeBeforeClassMethods(TestMethodWorker.java:170)
  org.testng.internal.TestMethodWorker.run(TestMethodWorker.java:104)
  org.testng.TestRunner.privateRun(TestRunner.java:767)
  org.testng.TestRunner.run(TestRunner.java:617)
  org.testng.SuiteRunner.runTest(SuiteRunner.java:348)
  org.testng.SuiteRunner.runSequentially(SuiteRunner.java:343)
  org.testng.SuiteRunner.privateRun(SuiteRunner.java:305)
  org.testng.SuiteRunner.run(SuiteRunner.java:254)
  org.testng.SuiteRunnerWorker.runSuite(SuiteRunnerWorker.java:52)
  org.testng.SuiteRunnerWorker.run(SuiteRunnerWorker.java:86)
  org.testng.TestNG.runSuitesSequentially(TestNG.java:1224)
  org.testng.TestNG.runSuitesLocally(TestNG.java:1149)
  org.testng.TestNG.run(TestNG.java:1057)
  org.testng.remote.RemoteTestNG.run(RemoteTestNG.java:115)
  org.testng.remote.RemoteTestNG.initAndRun(RemoteTestNG.java:207)
  org.testng.remote.RemoteTestNG.main(RemoteTestNG.java:178)
]]>
      </failure>

          </testcase>
  
            <testcase name="beforeMethod" time="0.0" classname="com.heb.enterprise.automationtest.costreview.CostReviewTest">
          <skipped />
    </testcase>
            <testcase name="beforeMethod" time="0.0" classname="com.heb.enterprise.automationtest.costreview.CostReviewTest">
          <skipped />
    </testcase>
            <testcase name="beforeMethod" time="0.0" classname="com.heb.enterprise.automationtest.costreview.CostReviewTest">
          <skipped />
    </testcase>
            <testcase name="beforeMethod" time="0.0" classname="com.heb.enterprise.automationtest.costreview.CostReviewTest">
          <skipped />
    </testcase>
            <testcase name="afterClass" time="0.0" classname="com.heb.enterprise.automationtest.costreview.CostReviewTest">
          <skipped />
    </testcase>
            <testcase name="beforeMethod" time="0.0" classname="com.heb.enterprise.automationtest.costreview.CostReviewTest">
          <skipped />
    </testcase>
            <testcase name="beforeMethod" time="0.0" classname="com.heb.enterprise.automationtest.costreview.CostReviewTest">
          <skipped />
    </testcase>
            <testcase name="beforeMethod" time="0.0" classname="com.heb.enterprise.automationtest.costreview.CostReviewTest">
          <skipped />
    </testcase>
            <testcase name="beforeMethod" time="0.0" classname="com.heb.enterprise.automationtest.costreview.CostReviewTest">
          <skipped />
    </testcase>
            <testcase name="beforeMethod" time="0.0" classname="com.heb.enterprise.automationtest.costreview.CostReviewTest">
          <skipped />
    </testcase>
            <testcase name="beforeMethod" time="0.0" classname="com.heb.enterprise.automationtest.costreview.CostReviewTest">
          <skipped />
    </testcase>
            <testcase name="beforeMethod" time="0.0" classname="com.heb.enterprise.automationtest.costreview.CostReviewTest">
          <skipped />
    </testcase>
            <testcase name="beforeMethod" time="0.0" classname="com.heb.enterprise.automationtest.costreview.CostReviewTest">
          <skipped />
    </testcase>
            <testcase name="testCase_DSV_Cost_Reivew_001" time="0.0" classname="com.heb.enterprise.automationtest.costreview.CostReviewTest">
          <skipped />
    </testcase>
            <testcase name="testCase_DSV_Cost_Reivew_006" time="0.0" classname="com.heb.enterprise.automationtest.costreview.CostReviewTest">
          <skipped />
    </testcase>
            <testcase name="testCase_DSV_Cost_Reivew_009" time="0.0" classname="com.heb.enterprise.automationtest.costreview.CostReviewTest">
          <skipped />
    </testcase>
            <testcase name="testCase_DSV_Cost_Reivew_011" time="0.0" classname="com.heb.enterprise.automationtest.costreview.CostReviewTest">
          <skipped />
    </testcase>
            <testcase name="testCase_DSV_Cost_Reivew_005" time="0.0" classname="com.heb.enterprise.automationtest.costreview.CostReviewTest">
          <skipped />
    </testcase>
            <testcase name="testCase_DSV_Cost_Reivew_007" time="0.0" classname="com.heb.enterprise.automationtest.costreview.CostReviewTest">
          <skipped />
    </testcase>
            <testcase name="testCase_DSV_Cost_Reivew_004" time="0.0" classname="com.heb.enterprise.automationtest.costreview.CostReviewTest">
          <skipped />
    </testcase>
            <testcase name="testCase_DSV_Cost_Reivew_012" time="0.0" classname="com.heb.enterprise.automationtest.costreview.CostReviewTest">
          <skipped />
    </testcase>
            <testcase name="testCase_DSV_Cost_Reivew_008" time="0.0" classname="com.heb.enterprise.automationtest.costreview.CostReviewTest">
          <skipped />
    </testcase>
            <testcase name="testCase_DSV_Cost_Reivew_002" time="0.0" classname="com.heb.enterprise.automationtest.costreview.CostReviewTest">
          <skipped />
    </testcase>
            <testcase name="testCase_DSV_Cost_Reivew_010" time="0.0" classname="com.heb.enterprise.automationtest.costreview.CostReviewTest">
          <skipped />
    </testcase>
            <testcase name="testCase_DSV_Cost_Reivew_003" time="0.0" classname="com.heb.enterprise.automationtest.costreview.CostReviewTest">
          <skipped />
    </testcase>
  
  
</testsuite>
