<?xml version="1.0" encoding="UTF-8"?>
<testsuite name="DSV_Assortment"
           tests="20"
           failures="1"
           errors="0"
           skipped="19"
           time="0.010">
  <properties />
            <testcase name="beforeClass" time="0.000" classname="com.heb.enterprise.automationtest.surrogatemapping.SurrogateMappingTest">
                <failure type="java.lang.Error"
                  message="Unresolved compilation problem: 
	Cannot switch on a value of type String for source level below 1.7. Only convertible int values or enum variables are permitted
"
              >
<![CDATA[java.lang.Error: Unresolved compilation problem: 
	Cannot switch on a value of type String for source level below 1.7. Only convertible int values or enum variables are permitted

  com.heb.enterprise.automationtest.page.CommonPage.clickOnMenu(CommonPage.java:128)
  com.heb.enterprise.automationtest.surrogatemapping.SurrogateMappingTest.beforeClass(SurrogateMappingTest.java:34)
  sun.reflect.NativeMethodAccessorImpl.invoke0(Native Method)
  sun.reflect.NativeMethodAccessorImpl.invoke(NativeMethodAccessorImpl.java:62)
  sun.reflect.DelegatingMethodAccessorImpl.invoke(DelegatingMethodAccessorImpl.java:43)
  java.lang.reflect.Method.invoke(Method.java:497)
  org.testng.internal.MethodInvocationHelper.invokeMethod(MethodInvocationHelper.java:85)
  org.testng.internal.Invoker.invokeConfigurationMethod(Invoker.java:552)
  org.testng.internal.Invoker.invokeConfigurations(Invoker.java:215)
  org.testng.internal.Invoker.invokeConfigurations(Invoker.java:140)
  org.testng.internal.TestMethodWorker.invokeBeforeClassMethods(TestMethodWorker.java:170)
  org.testng.internal.TestMethodWorker.run(TestMethodWorker.java:104)
  org.testng.TestRunner.privateRun(TestRunner.java:767)
  org.testng.TestRunner.run(TestRunner.java:617)
  org.testng.SuiteRunner.runTest(SuiteRunner.java:348)
  org.testng.SuiteRunner.runSequentially(SuiteRunner.java:343)
  org.testng.SuiteRunner.privateRun(SuiteRunner.java:305)
  org.testng.SuiteRunner.run(SuiteRunner.java:254)
  org.testng.SuiteRunnerWorker.runSuite(SuiteRunnerWorker.java:52)
  org.testng.SuiteRunnerWorker.run(SuiteRunnerWorker.java:86)
  org.testng.TestNG.runSuitesSequentially(TestNG.java:1224)
  org.testng.TestNG.runSuitesLocally(TestNG.java:1149)
  org.testng.TestNG.run(TestNG.java:1057)
  org.testng.remote.RemoteTestNG.run(RemoteTestNG.java:115)
  org.testng.remote.RemoteTestNG.initAndRun(RemoteTestNG.java:207)
  org.testng.remote.RemoteTestNG.main(RemoteTestNG.java:178)
]]>
      </failure>

          </testcase>
  
            <testcase name="beforeMethod" time="0.0" classname="com.heb.enterprise.automationtest.surrogatemapping.SurrogateMappingTest">
          <skipped />
    </testcase>
            <testcase name="beforeMethod" time="0.0" classname="com.heb.enterprise.automationtest.surrogatemapping.SurrogateMappingTest">
          <skipped />
    </testcase>
            <testcase name="beforeMethod" time="0.0" classname="com.heb.enterprise.automationtest.surrogatemapping.SurrogateMappingTest">
          <skipped />
    </testcase>
            <testcase name="beforeMethod" time="0.0" classname="com.heb.enterprise.automationtest.surrogatemapping.SurrogateMappingTest">
          <skipped />
    </testcase>
            <testcase name="beforeMethod" time="0.0" classname="com.heb.enterprise.automationtest.surrogatemapping.SurrogateMappingTest">
          <skipped />
    </testcase>
            <testcase name="beforeMethod" time="0.0" classname="com.heb.enterprise.automationtest.surrogatemapping.SurrogateMappingTest">
          <skipped />
    </testcase>
            <testcase name="beforeMethod" time="0.0" classname="com.heb.enterprise.automationtest.surrogatemapping.SurrogateMappingTest">
          <skipped />
    </testcase>
            <testcase name="afterClass" time="0.0" classname="com.heb.enterprise.automationtest.surrogatemapping.SurrogateMappingTest">
          <skipped />
    </testcase>
            <testcase name="beforeMethod" time="0.0" classname="com.heb.enterprise.automationtest.surrogatemapping.SurrogateMappingTest">
          <skipped />
    </testcase>
            <testcase name="beforeMethod" time="0.0" classname="com.heb.enterprise.automationtest.surrogatemapping.SurrogateMappingTest">
          <skipped />
    </testcase>
            <testcase name="DeleteYes" time="0.0" classname="com.heb.enterprise.automationtest.surrogatemapping.SurrogateMappingTest">
          <skipped />
    </testcase>
            <testcase name="SearchUser" time="0.0" classname="com.heb.enterprise.automationtest.surrogatemapping.SurrogateMappingTest">
          <skipped />
    </testcase>
            <testcase name="DeleteNo" time="0.0" classname="com.heb.enterprise.automationtest.surrogatemapping.SurrogateMappingTest">
          <skipped />
    </testcase>
            <testcase name="BreadCrumb" time="0.0" classname="com.heb.enterprise.automationtest.surrogatemapping.SurrogateMappingTest">
          <skipped />
    </testcase>
            <testcase name="AddNewwithIcon" time="0.0" classname="com.heb.enterprise.automationtest.surrogatemapping.SurrogateMappingTest">
          <skipped />
    </testcase>
            <testcase name="AddNewWithButton" time="0.0" classname="com.heb.enterprise.automationtest.surrogatemapping.SurrogateMappingTest">
          <skipped />
    </testcase>
            <testcase name="SearchIconUser" time="0.0" classname="com.heb.enterprise.automationtest.surrogatemapping.SurrogateMappingTest">
          <skipped />
    </testcase>
            <testcase name="CheckTitle" time="0.0" classname="com.heb.enterprise.automationtest.surrogatemapping.SurrogateMappingTest">
          <skipped />
    </testcase>
            <testcase name="PaggingBar" time="0.0" classname="com.heb.enterprise.automationtest.surrogatemapping.SurrogateMappingTest">
          <skipped />
    </testcase>
  
  
</testsuite>
