<?xml version="1.0" encoding="UTF-8"?>
<testsuite name="DSV_Assortment"
           tests="16"
           failures="1"
           errors="0"
           skipped="15"
           time="0.004">
  <properties />
            <testcase name="setupBeforeMethod" time="0.000" classname="com.heb.enterprise.automationtest.retailinquiry.RetailInquiryTest">
                <failure type="java.lang.Error"
                  message="Unresolved compilation problem: 
	Cannot switch on a value of type String for source level below 1.7. Only convertible int values or enum variables are permitted
"
              >
<![CDATA[java.lang.Error: Unresolved compilation problem: 
	Cannot switch on a value of type String for source level below 1.7. Only convertible int values or enum variables are permitted

  com.heb.enterprise.automationtest.page.CommonPage.clickOnMenu(CommonPage.java:128)
  com.heb.enterprise.automationtest.retailinquiry.RetailInquiryTest.setupBeforeMethod(RetailInquiryTest.java:54)
  sun.reflect.NativeMethodAccessorImpl.invoke0(Native Method)
  sun.reflect.NativeMethodAccessorImpl.invoke(NativeMethodAccessorImpl.java:62)
  sun.reflect.DelegatingMethodAccessorImpl.invoke(DelegatingMethodAccessorImpl.java:43)
  java.lang.reflect.Method.invoke(Method.java:497)
  org.testng.internal.MethodInvocationHelper.invokeMethod(MethodInvocationHelper.java:85)
  org.testng.internal.Invoker.invokeConfigurationMethod(Invoker.java:552)
  org.testng.internal.Invoker.invokeConfigurations(Invoker.java:215)
  org.testng.internal.Invoker.invokeMethod(Invoker.java:636)
  org.testng.internal.Invoker.invokeTestMethod(Invoker.java:882)
  org.testng.internal.Invoker.invokeTestMethods(Invoker.java:1189)
  org.testng.internal.TestMethodWorker.invokeTestMethods(TestMethodWorker.java:124)
  org.testng.internal.TestMethodWorker.run(TestMethodWorker.java:108)
  org.testng.TestRunner.privateRun(TestRunner.java:767)
  org.testng.TestRunner.run(TestRunner.java:617)
  org.testng.SuiteRunner.runTest(SuiteRunner.java:348)
  org.testng.SuiteRunner.runSequentially(SuiteRunner.java:343)
  org.testng.SuiteRunner.privateRun(SuiteRunner.java:305)
  org.testng.SuiteRunner.run(SuiteRunner.java:254)
  org.testng.SuiteRunnerWorker.runSuite(SuiteRunnerWorker.java:52)
  org.testng.SuiteRunnerWorker.run(SuiteRunnerWorker.java:86)
  org.testng.TestNG.runSuitesSequentially(TestNG.java:1224)
  org.testng.TestNG.runSuitesLocally(TestNG.java:1149)
  org.testng.TestNG.run(TestNG.java:1057)
  org.testng.remote.RemoteTestNG.run(RemoteTestNG.java:115)
  org.testng.remote.RemoteTestNG.initAndRun(RemoteTestNG.java:207)
  org.testng.remote.RemoteTestNG.main(RemoteTestNG.java:178)
]]>
      </failure>

          </testcase>
  
            <testcase name="afterMethod" time="0.0" classname="com.heb.enterprise.automationtest.retailinquiry.RetailInquiryTest">
          <skipped />
    </testcase>
            <testcase name="afterMethod" time="0.0" classname="com.heb.enterprise.automationtest.retailinquiry.RetailInquiryTest">
          <skipped />
    </testcase>
            <testcase name="setupBeforeMethod" time="0.0" classname="com.heb.enterprise.automationtest.retailinquiry.RetailInquiryTest">
          <skipped />
    </testcase>
            <testcase name="setupBeforeMethod" time="0.0" classname="com.heb.enterprise.automationtest.retailinquiry.RetailInquiryTest">
          <skipped />
    </testcase>
            <testcase name="afterClass" time="0.0" classname="com.heb.enterprise.automationtest.retailinquiry.RetailInquiryTest">
          <skipped />
    </testcase>
            <testcase name="setupBeforeMethod" time="0.0" classname="com.heb.enterprise.automationtest.retailinquiry.RetailInquiryTest">
          <skipped />
    </testcase>
            <testcase name="setupBeforeMethod" time="0.0" classname="com.heb.enterprise.automationtest.retailinquiry.RetailInquiryTest">
          <skipped />
    </testcase>
            <testcase name="afterMethod" time="0.0" classname="com.heb.enterprise.automationtest.retailinquiry.RetailInquiryTest">
          <skipped />
    </testcase>
            <testcase name="afterMethod" time="0.0" classname="com.heb.enterprise.automationtest.retailinquiry.RetailInquiryTest">
          <skipped />
    </testcase>
            <testcase name="afterMethod" time="0.0" classname="com.heb.enterprise.automationtest.retailinquiry.RetailInquiryTest">
          <skipped />
    </testcase>
            <testcase name="testCase_DSV_Retail_Inquiry_002" time="0.0" classname="com.heb.enterprise.automationtest.retailinquiry.RetailInquiryTest">
          <skipped />
    </testcase>
            <testcase name="testCase_DSV_Retail_Inquiry_001" time="0.0" classname="com.heb.enterprise.automationtest.retailinquiry.RetailInquiryTest">
          <skipped />
    </testcase>
            <testcase name="testCase_DSV_Retail_Inquiry_004" time="0.0" classname="com.heb.enterprise.automationtest.retailinquiry.RetailInquiryTest">
          <skipped />
    </testcase>
            <testcase name="testCase_DSV_Retail_Inquiry_003" time="0.0" classname="com.heb.enterprise.automationtest.retailinquiry.RetailInquiryTest">
          <skipped />
    </testcase>
            <testcase name="testCase_DSV_Retail_Inquiry_005" time="0.0" classname="com.heb.enterprise.automationtest.retailinquiry.RetailInquiryTest">
          <skipped />
    </testcase>
  
  
</testsuite>
